<?xml version="1.0" encoding="UTF-8"?>
<!-- Generated by org.testng.reporters.JUnitXMLReporter -->
<testsuite hostname="LINMB530" failures="0" tests="3" name="Test" time="0.354" errors="0" timestamp="19 Feb 2019 05:03:24 GMT">
  <testcase classname="com.abc.testscript.TC001ValidateFormTestCase" name="@BeforeMethod Beforem" time="0.0">
    <failure type="java.lang.NullPointerException">
      <![CDATA[java.lang.NullPointerException
	at com.abc.seleniumrepository.SeleniumRepo.delete(SeleniumRepo.java:196)
	at com.abc.seleniumrepository.SeleniumRepo.delete(SeleniumRepo.java:205)
	at com.abc.seleniumrepository.SeleniumRepo.deleteTempFile(SeleniumRepo.java:182)
	at com.abc.seleniumrepository.SeleniumRepo.startBrowser(SeleniumRepo.java:50)
	at com.abc.projectpage.TestngAnnotations.Beforem(TestngAnnotations.java:25)
... Removed 26 stack frames]]>
    </failure>
  </testcase> <!-- @BeforeMethod Beforem -->
  <testcase classname="com.abc.testscript.TC001ValidateFormTestCase" name="@BeforeMethod BeforeTest" time="0.0">
    <skipped/>
  </testcase> <!-- @BeforeMethod BeforeTest -->
  <testcase classname="com.abc.testscript.TC001ValidateFormTestCase" name="@AfterMethod AfterTest" time="0.0">
    <skipped/>
  </testcase> <!-- @AfterMethod AfterTest -->
  <testcase classname="com.abc.testscript.TC002MapSearchPage" name="@BeforeMethod Beforem" time="0.0">
    <skipped/>
  </testcase> <!-- @BeforeMethod Beforem -->
  <testcase classname="com.abc.testscript.TC002MapSearchPage" name="@AfterMethod AfterTest" time="0.0">
    <failure type="java.lang.NullPointerException">
      <![CDATA[java.lang.NullPointerException
	at com.abc.projectpage.TestngAnnotations.AfterTest(TestngAnnotations.java:37)
... Removed 26 stack frames]]>
    </failure>
  </testcase> <!-- @AfterMethod AfterTest -->
  <testcase classname="com.abc.testscript.TC002MapSearchPage" name="@BeforeMethod Beforem" time="0.0">
    <skipped/>
  </testcase> <!-- @BeforeMethod Beforem -->
  <testcase classname="com.abc.testscript.TC002MapSearchPage" name="@AfterMethod AfterTest" time="0.0">
    <failure type="java.lang.NullPointerException">
      <![CDATA[java.lang.NullPointerException
	at com.abc.projectpage.TestngAnnotations.AfterTest(TestngAnnotations.java:37)
... Removed 26 stack frames]]>
    </failure>
  </testcase> <!-- @AfterMethod AfterTest -->
  <testcase classname="com.abc.testscript.TC001ValidateFormTestCase" name="FormValidationTest" time="0.0">
    <skipped/>
  </testcase> <!-- FormValidationTest -->
  <testcase classname="com.abc.testscript.TC002MapSearchPage" name="SearchPageTest" time="0.0">
    <skipped/>
  </testcase> <!-- SearchPageTest -->
  <testcase classname="com.abc.testscript.TC002MapSearchPage" name="SearchPageTest" time="0.016">
    <skipped/>
  </testcase> <!-- SearchPageTest -->
</testsuite> <!-- Test -->
