<?xml version="1.0" encoding="UTF-8"?>
<!-- Generated by org.testng.reporters.JUnitXMLReporter -->
<testsuite ignored="0" hostname="LINMB530" failures="0" tests="1" name="Test" time="0.063" errors="0" timestamp="26 Feb 2019 13:13:15 GMT">
  <testcase classname="com.abc.projectpage.TestngAnnotations" name="@BeforeMethod Beforem" time="0.019">
    <failure type="java.lang.NullPointerException">
      <![CDATA[java.lang.NullPointerException
at com.abc.projectpage.TestngAnnotations.Beforem(TestngAnnotations.java:32)
... Removed 28 stack frames]]>
    </failure>
  </testcase> <!-- @BeforeMethod Beforem -->
  <testcase classname="com.abc.testscript.TC003Sample" name="@BeforeMethod BeforeTest" time="0.0">
    <skipped/>
  </testcase> <!-- @BeforeMethod BeforeTest -->
  <testcase classname="com.abc.testscript.TC003Sample" name="@AfterMethod AfterTest" time="0.0">
    <skipped/>
  </testcase> <!-- @AfterMethod AfterTest -->
  <testcase classname="com.abc.testscript.TC003Sample" name="FormValidationTest" time="0.0">
    <skipped/>
  </testcase> <!-- FormValidationTest -->
</testsuite> <!-- Test -->
