<?xml version="1.0" encoding="UTF-8"?>
<testng-results skipped="0" failed="0" total="1" passed="1">
  <reporter-output>
  </reporter-output>
  <suite name="Default suite" duration-ms="65576" started-at="2019-02-24T10:45:24Z" finished-at="2019-02-24T10:46:30Z">
    <groups>
    </groups>
    <test name="Default test" duration-ms="65576" started-at="2019-02-24T10:45:24Z" finished-at="2019-02-24T10:46:30Z">
      <class name="com.abc.testscript.TC003Sample">
        <test-method status="PASS" signature="Beforem()[pri:0, instance:com.abc.testscript.TC003Sample@5792a0]" name="Beforem" is-config="true" duration-ms="8752" started-at="2019-02-24T16:15:25Z" finished-at="2019-02-24T16:15:33Z">
          <reporter-output>
          </reporter-output>
        </test-method> <!-- Beforem -->
        <test-method status="PASS" signature="BeforeTest()[pri:0, instance:com.abc.testscript.TC003Sample@5792a0]" name="BeforeTest" is-config="true" duration-ms="5085" started-at="2019-02-24T16:15:33Z" finished-at="2019-02-24T16:15:38Z">
          <reporter-output>
          </reporter-output>
        </test-method> <!-- BeforeTest -->
        <test-method status="PASS" signature="FormValidationTest()[pri:0, instance:com.abc.testscript.TC003Sample@5792a0]" name="FormValidationTest" duration-ms="49221" started-at="2019-02-24T16:15:38Z" finished-at="2019-02-24T16:16:28Z">
          <reporter-output>
          </reporter-output>
        </test-method> <!-- FormValidationTest -->
        <test-method status="PASS" signature="AfterTest()[pri:0, instance:com.abc.testscript.TC003Sample@5792a0]" name="AfterTest" is-config="true" duration-ms="2462" started-at="2019-02-24T16:16:28Z" finished-at="2019-02-24T16:16:30Z">
          <reporter-output>
          </reporter-output>
        </test-method> <!-- AfterTest -->
      </class> <!-- com.abc.testscript.TC003Sample -->
    </test> <!-- Default test -->
  </suite> <!-- Default suite -->
</testng-results>
